\BOOKMARK [0][-]{chapter.1}{\376\377\000m\000y\000f\000p\000g\000a\000\040\000p\000a\000c\000k\000a\000g\000e}{}% 1
\BOOKMARK [1][-]{section.1.1}{\376\377\000S\000u\000b\000m\000o\000d\000u\000l\000e\000s}{chapter.1}% 2
\BOOKMARK [1][-]{section.1.2}{\376\377\000m\000y\000f\000p\000g\000a\000.\000f\000a\000b\000r\000i\000c\000\040\000m\000o\000d\000u\000l\000e}{chapter.1}% 3
\BOOKMARK [1][-]{section.1.3}{\376\377\000m\000y\000f\000p\000g\000a\000.\000i\000n\000t\000e\000r\000f\000a\000z\000\137\000p\000c\000p\000s\000\040\000m\000o\000d\000u\000l\000e}{chapter.1}% 4
\BOOKMARK [1][-]{section.1.4}{\376\377\000m\000y\000f\000p\000g\000a\000.\000r\000i\000n\000g\000\137\000o\000s\000c\000\040\000m\000o\000d\000u\000l\000e}{chapter.1}% 5
\BOOKMARK [2][-]{subsection.1.4.1}{\376\377\000V\000a\000r\000i\000a\000b\000l\000e\000s\000:}{section.1.4}% 6
\BOOKMARK [2][-]{subsection.1.4.2}{\376\377\000P\000a\000r\000\341\000m\000e\000t\000r\000o\000s\000:}{section.1.4}% 7
\BOOKMARK [2][-]{subsection.1.4.3}{\376\377\000P\000a\000r\000\341\000m\000e\000t\000r\000o\000s\000:}{section.1.4}% 8
\BOOKMARK [2][-]{subsection.1.4.4}{\376\377\000P\000a\000r\000\341\000m\000e\000t\000r\000o\000s\000:}{section.1.4}% 9
\BOOKMARK [2][-]{subsection.1.4.5}{\376\377\000P\000a\000r\000\341\000m\000e\000t\000r\000o\000s\000:}{section.1.4}% 10
\BOOKMARK [3][-]{subsubsection.1.4.5.1}{\376\377\000P\000a\000r\000\341\000m\000e\000t\000r\000o\000s\000:}{subsection.1.4.5}% 11
\BOOKMARK [3][-]{subsubsection.1.4.5.2}{\376\377\000P\000a\000r\000\341\000m\000e\000t\000r\000o\000s\000:}{subsection.1.4.5}% 12
\BOOKMARK [3][-]{subsubsection.1.4.5.3}{\376\377\000P\000a\000r\000\341\000m\000e\000t\000r\000o\000s\000:}{subsection.1.4.5}% 13
\BOOKMARK [2][-]{subsection.1.4.6}{\376\377\000P\000a\000r\000a\000m\000e\000t\000e\000r\000s}{section.1.4}% 14
\BOOKMARK [2][-]{subsection.1.4.7}{\376\377\000R\000e\000t\000u\000r\000n\000s}{section.1.4}% 15
\BOOKMARK [2][-]{subsection.1.4.8}{\376\377\000S\000e\000e\000\040\000A\000l\000s\000o}{section.1.4}% 16
\BOOKMARK [2][-]{subsection.1.4.9}{\376\377\000N\000o\000t\000e\000s}{section.1.4}% 17
\BOOKMARK [2][-]{subsection.1.4.10}{\376\377\000R\000e\000f\000e\000r\000e\000n\000c\000e\000s}{section.1.4}% 18
\BOOKMARK [2][-]{subsection.1.4.11}{\376\377\000E\000x\000a\000m\000p\000l\000e\000s}{section.1.4}% 19
\BOOKMARK [2][-]{subsection.1.4.12}{\376\377\000P\000a\000r\000\341\000m\000e\000t\000r\000o\000s\000:}{section.1.4}% 20
\BOOKMARK [1][-]{section.1.5}{\376\377\000m\000y\000f\000p\000g\000a\000.\000s\000i\000m\000\137\000l\000u\000t\000\040\000m\000o\000d\000u\000l\000e}{chapter.1}% 21
\BOOKMARK [2][-]{subsection.1.5.1}{\376\377\000P\000a\000r\000a\000m\000e\000t\000e\000r\000s}{section.1.5}% 22
\BOOKMARK [2][-]{subsection.1.5.2}{\376\377\000R\000e\000t\000u\000r\000n\000s}{section.1.5}% 23
\BOOKMARK [2][-]{subsection.1.5.3}{\376\377\000S\000e\000e\000\040\000A\000l\000s\000o}{section.1.5}% 24
\BOOKMARK [2][-]{subsection.1.5.4}{\376\377\000N\000o\000t\000e\000s}{section.1.5}% 25
\BOOKMARK [2][-]{subsection.1.5.5}{\376\377\000R\000e\000f\000e\000r\000e\000n\000c\000e\000s}{section.1.5}% 26
\BOOKMARK [2][-]{subsection.1.5.6}{\376\377\000E\000x\000a\000m\000p\000l\000e\000s}{section.1.5}% 27
\BOOKMARK [1][-]{section.1.6}{\376\377\000M\000o\000d\000u\000l\000e\000\040\000c\000o\000n\000t\000e\000n\000t\000s}{chapter.1}% 28
\BOOKMARK [0][-]{chapter.2}{\376\377\000I\000n\000d\000i\000c\000e\000s\000\040\000a\000n\000d\000\040\000t\000a\000b\000l\000e\000s}{}% 29
\BOOKMARK [0][-]{section*.64}{\376\377\000P\000y\000t\000h\000o\000n\000\040\000M\000o\000d\000u\000l\000e\000\040\000I\000n\000d\000e\000x}{}% 30
